#
# There is insufficient memory for the Java Runtime Environment to continue.
# Native memory allocation (mmap) failed to map 398458880 bytes. Error detail: G1 virtual space
# Possible reasons:
#   The system is out of physical RAM or swap space
#   This process is running with CompressedOops enabled, and the Java Heap may be blocking the growth of the native heap
# Possible solutions:
#   Reduce memory load on the system
#   Increase physical memory or swap space
#   Check if swap backing store is full
#   Decrease Java heap size (-Xmx/-Xms)
#   Decrease number of Java threads
#   Decrease Java thread stack sizes (-Xss)
#   Set larger code cache with -XX:ReservedCodeCacheSize=
#   JVM is running with Zero Based Compressed Oops mode in which the Java heap is
#     placed in the first 32GB address space. The Java Heap base address is the
#     maximum limit for the native heap growth. Please use -XX:HeapBaseMinAddress
#     to set the Java Heap base and to place the Java Heap above 32GB virtual address.
# This output file may be truncated or incomplete.
#
#  Out of Memory Error (os_windows.cpp:3703), pid=14424, tid=22044
#
# JRE version:  (23.0+37) (build )
# Java VM: Java HotSpot(TM) 64-Bit Server VM (23+37-2369, mixed mode, sharing, tiered, compressed oops, compressed class ptrs, g1 gc, windows-amd64)
# No core dump will be written. Minidumps are not enabled by default on client versions of Windows
#

---------------  S U M M A R Y ------------

Command Line: -Dfile.encoding=UTF-8 --module-path=C:\Users\ASUS\OneDrive\Documents\NetBeansProjects\Travel Management System\build\classes travel.management.system.SignUp

Host: 12th Gen Intel(R) Core(TM) i3-1220P, 12 cores, 23G,  Windows 11 , 64 bit Build 22621 (10.0.22621.4391)
Time: Sat Jan 18 17:30:38 2025 Bangladesh Standard Time elapsed time: 0.019287 seconds (0d 0h 0m 0s)

---------------  T H R E A D  ---------------

Current thread (0x000001b642fad8f0):  JavaThread "Unknown thread" [_thread_in_vm, id=22044, stack(0x00000011bca00000,0x00000011bcb00000) (1024K)]

Stack: [0x00000011bca00000,0x00000011bcb00000]
Native frames: (J=compiled Java code, j=interpreted, Vv=VM code, C=native code)
V  [jvm.dll+0x6e08a9]  (no source info available)
V  [jvm.dll+0x87da63]  (no source info available)
V  [jvm.dll+0x87feee]  (no source info available)
V  [jvm.dll+0x8805c3]  (no source info available)
V  [jvm.dll+0x27aee6]  (no source info available)
V  [jvm.dll+0x6dd1b5]  (no source info available)
V  [jvm.dll+0x6d103a]  (no source info available)
V  [jvm.dll+0x35b3ea]  (no source info available)
V  [jvm.dll+0x3637f6]  (no source info available)
V  [jvm.dll+0x34fd5e]  (no source info available)
V  [jvm.dll+0x34fff8]  (no source info available)
V  [jvm.dll+0x3289cc]  (no source info available)
V  [jvm.dll+0x32966e]  (no source info available)
V  [jvm.dll+0x8442e5]  (no source info available)
V  [jvm.dll+0x3b9848]  (no source info available)
V  [jvm.dll+0x82d0dc]  (no source info available)
V  [jvm.dll+0x454d4e]  (no source info available)
V  [jvm.dll+0x456bd1]  (no source info available)
C  [jli.dll+0x52a3]  (no source info available)
C  [ucrtbase.dll+0x29333]  (no source info available)
C  [KERNEL32.DLL+0x1259d]  (no source info available)
C  [ntdll.dll+0x5af38]  (no source info available)

Lock stack of current Java thread (top to bottom):


---------------  P R O C E S S  ---------------

Threads class SMR info:
_java_thread_list=0x00007ffac1863618, length=0, elements={
}

Java Threads: ( => current thread )
Total: 0

Other Threads:
  0x000001b64533fbd0 WorkerThread "GC Thread#0"                     [id=22444, stack(0x00000011bcb00000,0x00000011bcc00000) (1024K)]
  0x000001b64534fac0 ConcurrentGCThread "G1 Main Marker"            [id=22152, stack(0x00000011bcc00000,0x00000011bcd00000) (1024K)]
  0x000001b645350d70 WorkerThread "G1 Conc#0"                       [id=6904, stack(0x00000011bcd00000,0x00000011bce00000) (1024K)]

[error occurred during error reporting (printing all threads), id 0xc0000005, EXCEPTION_ACCESS_VIOLATION (0xc0000005) at pc=0x00007ffac0fabfba]
VM state: not at safepoint (not fully initialized)

VM Mutex/Monitor currently owned by a thread:  ([mutex/lock_event])
[0x00007ffac18e3a10] Heap_lock - owner thread: 0x000001b642fad8f0

Heap address: 0x0000000684c00000, size: 6068 MB, Compressed Oops mode: Zero based, Oop shift amount: 3

CDS archive(s) mapped at: [0x0000000000000000-0x0000000000000000-0x0000000000000000), size 0, SharedBaseAddress: 0x0000000800000000, ArchiveRelocationMode: 1.
Narrow klass base: 0x0000000000000000, Narrow klass shift: 0, Narrow klass range: 0x0

GC Precious Log:
 CardTable entry size: 512
 Card Set container configuration: InlinePtr #cards 4 size 8 Array Of Cards #cards 32 size 80 Howl #buckets 8 coarsen threshold 7372 Howl Bitmap #cards 1024 size 144 coarsen threshold 921 Card regions per heap region 1 cards per card region 8192

Heap:
 garbage-first heap   total reserved 6213632K, committed 0K, used 0K [0x0000000684c00000, 0x0000000800000000)
  region size 4096K, 0 young (0K), 0 survivors (0K)

[error occurred during error reporting (printing heap information), id 0xc0000005, EXCEPTION_ACCESS_VIOLATION (0xc0000005) at pc=0x00007ffac13ac3b9]
GC Heap History (0 events):
No events

Dll operation events (1 events):
Event: 0.015 Loaded shared library C:\Program Files\Java\jdk-23\bin\java.dll

Deoptimization events (0 events):
No events

Classes loaded (0 events):
No events

Classes unloaded (0 events):
No events

Classes redefined (0 events):
No events

Internal exceptions (0 events):
No events

VM Operations (0 events):
No events

Memory protections (0 events):
No events

Nmethod flushes (0 events):
No events

Events (0 events):
No events


Dynamic libraries:
0x00007ff65b470000 - 0x00007ff65b480000 	C:\Program Files\Java\jdk-23\bin\java.exe
0x00007ffb302b0000 - 0x00007ffb304c7000 	C:\WINDOWS\SYSTEM32\ntdll.dll
0x00007ffb2edb0000 - 0x00007ffb2ee74000 	C:\WINDOWS\System32\KERNEL32.DLL
0x00007ffb2d7c0000 - 0x00007ffb2db7a000 	C:\WINDOWS\System32\KERNELBASE.dll
0x00007ffb2d620000 - 0x00007ffb2d731000 	C:\WINDOWS\System32\ucrtbase.dll
0x00007ffb2bff0000 - 0x00007ffb2c007000 	C:\Program Files\Java\jdk-23\bin\jli.dll
0x00007ffb11350000 - 0x00007ffb1136b000 	C:\Program Files\Java\jdk-23\bin\VCRUNTIME140.dll
0x00007ffb2ee80000 - 0x00007ffb2f02e000 	C:\WINDOWS\System32\USER32.dll
0x00007ffb2dc00000 - 0x00007ffb2dc26000 	C:\WINDOWS\System32\win32u.dll
0x00007ffb30200000 - 0x00007ffb30229000 	C:\WINDOWS\System32\GDI32.dll
0x00007ffb2c860000 - 0x00007ffb2caf2000 	C:\WINDOWS\WinSxS\amd64_microsoft.windows.common-controls_6595b64144ccf1df_6.0.22621.4541_none_2710d1c57384c085\COMCTL32.dll
0x00007ffb2de60000 - 0x00007ffb2df7b000 	C:\WINDOWS\System32\gdi32full.dll
0x00007ffb2d580000 - 0x00007ffb2d61a000 	C:\WINDOWS\System32\msvcp_win.dll
0x00007ffb2f930000 - 0x00007ffb2f9d7000 	C:\WINDOWS\System32\msvcrt.dll
0x00007ffb30230000 - 0x00007ffb30261000 	C:\WINDOWS\System32\IMM32.DLL
0x00007ffb25d70000 - 0x00007ffb25d7c000 	C:\Program Files\Java\jdk-23\bin\vcruntime140_1.dll
0x00007ffafc8b0000 - 0x00007ffafc93e000 	C:\Program Files\Java\jdk-23\bin\msvcp140.dll
0x00007ffac0c70000 - 0x00007ffac19bf000 	C:\Program Files\Java\jdk-23\bin\server\jvm.dll
0x00007ffb2ecc0000 - 0x00007ffb2ed72000 	C:\WINDOWS\System32\ADVAPI32.dll
0x00007ffb2f2c0000 - 0x00007ffb2f367000 	C:\WINDOWS\System32\sechost.dll
0x00007ffb2df80000 - 0x00007ffb2dfa8000 	C:\WINDOWS\System32\bcrypt.dll
0x00007ffb2f480000 - 0x00007ffb2f594000 	C:\WINDOWS\System32\RPCRT4.dll
0x00007ffb2dfd0000 - 0x00007ffb2e041000 	C:\WINDOWS\System32\WS2_32.dll
0x00007ffb2d450000 - 0x00007ffb2d49d000 	C:\WINDOWS\SYSTEM32\POWRPROF.dll
0x00007ffb25b80000 - 0x00007ffb25bb4000 	C:\WINDOWS\SYSTEM32\WINMM.dll
0x00007ffb2bb60000 - 0x00007ffb2bb6a000 	C:\WINDOWS\SYSTEM32\VERSION.dll
0x00007ffb2d280000 - 0x00007ffb2d293000 	C:\WINDOWS\SYSTEM32\UMPDC.dll
0x00007ffb2b680000 - 0x00007ffb2b698000 	C:\WINDOWS\SYSTEM32\kernel.appcore.dll
0x00007ffb11a70000 - 0x00007ffb11a7a000 	C:\Program Files\Java\jdk-23\bin\jimage.dll
0x00007ffb2cdf0000 - 0x00007ffb2d022000 	C:\WINDOWS\SYSTEM32\DBGHELP.DLL
0x00007ffb2f5a0000 - 0x00007ffb2f92f000 	C:\WINDOWS\System32\combase.dll
0x00007ffb2e9e0000 - 0x00007ffb2eab7000 	C:\WINDOWS\System32\OLEAUT32.dll
0x00007ffb2cce0000 - 0x00007ffb2cd12000 	C:\WINDOWS\SYSTEM32\dbgcore.DLL
0x00007ffb2d740000 - 0x00007ffb2d7bb000 	C:\WINDOWS\System32\bcryptPrimitives.dll
0x00007ffb11330000 - 0x00007ffb1134e000 	C:\Program Files\Java\jdk-23\bin\java.dll
0x00007ffb2eac0000 - 0x00007ffb2ec65000 	C:\WINDOWS\System32\ole32.dll
0x00007ffb2e150000 - 0x00007ffb2e9c8000 	C:\WINDOWS\System32\SHELL32.dll

dbghelp: loaded successfully - version: 4.0.5 - missing functions: none
symbol engine: initialized successfully - sym options: 0x614 - pdb path: .;C:\Program Files\Java\jdk-23\bin;C:\WINDOWS\SYSTEM32;C:\WINDOWS\WinSxS\amd64_microsoft.windows.common-controls_6595b64144ccf1df_6.0.22621.4541_none_2710d1c57384c085;C:\Program Files\Java\jdk-23\bin\server

VM Arguments:
jvm_args: -Dfile.encoding=UTF-8 --module-path=C:\Users\ASUS\OneDrive\Documents\NetBeansProjects\Travel Management System\build\classes 
java_command: travel.management.system.SignUp
java_class_path (initial): C:\Users\ASUS\OneDrive\Documents\NetBeansProjects\Travel Management System\build\classes
Launcher Type: SUN_STANDARD

[Global flags]
     intx CICompilerCount                          = 4                                         {product} {ergonomic}
     uint ConcGCThreads                            = 3                                         {product} {ergonomic}
     uint G1ConcRefinementThreads                  = 10                                        {product} {ergonomic}
   size_t G1HeapRegionSize                         = 4194304                                   {product} {ergonomic}
   size_t InitialHeapSize                          = 398458880                                 {product} {ergonomic}
   size_t MarkStackSize                            = 4194304                                   {product} {ergonomic}
   size_t MarkStackSizeMax                         = 536870912                                 {product} {ergonomic}
   size_t MaxHeapSize                              = 6362759168                                {product} {ergonomic}
   size_t MinHeapDeltaBytes                        = 4194304                                   {product} {ergonomic}
   size_t MinHeapSize                              = 8388608                                   {product} {ergonomic}
    uintx NonNMethodCodeHeapSize                   = 5832704                                {pd product} {ergonomic}
    uintx NonProfiledCodeHeapSize                  = 122945536                              {pd product} {ergonomic}
    uintx ProfiledCodeHeapSize                     = 122880000                              {pd product} {ergonomic}
    uintx ReservedCodeCacheSize                    = 251658240                              {pd product} {ergonomic}
     bool SegmentedCodeCache                       = true                                      {product} {ergonomic}
   size_t SoftMaxHeapSize                          = 6362759168                             {manageable} {ergonomic}
     bool UseCompressedOops                        = true                           {product lp64_product} {ergonomic}
     bool UseG1GC                                  = true                                      {product} {ergonomic}
     bool UseLargePagesIndividualAllocation        = false                                  {pd product} {ergonomic}

Logging:
Log output configuration:
 #0: stdout all=warning uptime,level,tags foldmultilines=false
 #1: stderr all=off uptime,level,tags foldmultilines=false

Environment Variables:
PATH=C:\Program Files\Common Files\Oracle\Java\javapath;C:\ProgramData\Oracle\Java\javapath;C:\Program Files (x86)\NVIDIA Corporation\PhysX\Common;C:\Program Files (x86)\Common Files\Oracle\Java\java8path;C:\Program Files (x86)\Common Files\Oracle\Java\javapath;C:\WINDOWS\system32;C:\WINDOWS;C:\WINDOWS\System32\Wbem;C:\WINDOWS\System32\WindowsPowerShell\v1.0\;C:\WINDOWS\System32\OpenSSH\;C:\Program Files\dotnet\;C:\Program Files\MySQL\MySQL Server 8.0\bin;C:\Program Files\MySQL\MySQL Shell 8.0\bin\;C:\Users\ASUS\AppData\Local\Microsoft\WindowsApps;C:\Users\ASUS\AppData\Local\Programs\Microsoft VS Code\bin;
USERNAME=ASUS
OS=Windows_NT
PROCESSOR_IDENTIFIER=Intel64 Family 6 Model 154 Stepping 4, GenuineIntel
TMP=C:\Users\ASUS\AppData\Local\Temp
TEMP=C:\Users\ASUS\AppData\Local\Temp




Periodic native trim disabled

---------------  S Y S T E M  ---------------

OS:
 Windows 11 , 64 bit Build 22621 (10.0.22621.4391)
OS uptime: 0 days 1:01 hours

CPU: total 12 (initial active 12) (12 cores per cpu, 1 threads per core) family 6 model 154 stepping 4 microcode 0x424, cx8, cmov, fxsr, mmx, 3dnowpref, sse, sse2, sse3, ssse3, sse4.1, sse4.2, popcnt, lzcnt, tsc, tscinvbit, avx, avx2, aes, erms, clmul, bmi1, bmi2, adx, sha, fma, vzeroupper, clflush, clflushopt, clwb, serialize, rdtscp, rdpid, fsrm, gfni, f16c, pku, cet_ibt, cet_ss
Processor Information for the first 12 processors :
  Max Mhz: 1500, Current Mhz: 1500, Mhz Limit: 1500

Memory: 4k page, system-wide physical 24270M (14433M free)
TotalPageFile size 43383M (AvailPageFile size 185M)
current process WorkingSet (physical memory assigned to process): 12M, peak: 12M
current process commit charge ("private bytes"): 65M, peak: 444M

vm_info: Java HotSpot(TM) 64-Bit Server VM (23+37-2369) for windows-amd64 JRE (23+37-2369), built on 2024-08-20T16:01:23Z with MS VC++ 17.6 (VS2022)

END.
